<?xml version="1.0" encoding="UTF-8"?>
<testsuite name="ru.stqa.pft.addressbook.tests.GroupDeletionTests" tests="1" skipped="0" failures="0" errors="0" timestamp="2018-11-08T09:02:11" hostname="My-MacBook-Air.local" time="10.016">
  <properties/>
  <testcase name="testGroupDeletion" classname="ru.stqa.pft.addressbook.tests.GroupDeletionTests" time="10.016"/>
  <system-out><![CDATA[]]></system-out>
  <system-err><![CDATA[]]></system-err>
</testsuite>
