<?xml version="1.0" encoding="UTF-8"?>
<testsuite name="ru.stqa.pft.addressbook.tests.ContactAddTests" tests="1" skipped="0" failures="1" errors="0" timestamp="2018-11-08T09:23:35" hostname="My-MacBook-Air.local" time="9.914">
  <properties/>
  <testcase name="testAddContactTests" classname="ru.stqa.pft.addressbook.tests.ContactAddTests" time="9.914">
    <failure message="java.lang.AssertionError: &#10;Expected: &lt;[ContactData{id=8, firstname='CopchoniyF', middlename='null', lastname='CopchoniyL', group='null', homePhone='null', mobilePhone='null', workPhone='null', email='null', secondEmail='null', thirdEmail='null'}, ContactData{id=21, firstname='Shakal', middlename='null', lastname='Shakalovich', group='null', homePhone='null', mobilePhone='null', workPhone='null', email='null', secondEmail='null', thirdEmail='null'}, ContactData{id=4, firstname='Shakal', middlename='null', lastname='Shakalovich', group='null', homePhone='null', mobilePhone='null', workPhone='null', email='null', secondEmail='null', thirdEmail='null'}, ContactData{id=15, firstname='Shakal', middlename='null', lastname='Shakalovich', group='null', homePhone='null', mobilePhone='null', workPhone='null', email='null', secondEmail='null', thirdEmail='null'}, ContactData{id=11, firstname='Shakal', middlename='null', lastname='Shakalovich', group='null', homePhone='null', mobilePhone='null', workPhone='null', email='null', secondEmail='null', thirdEmail='null'}, ContactData{id=2, firstname='Shakal', middlename='null', lastname='Shakalovich', group='null', homePhone='null', mobilePhone='null', workPhone='null', email='null', secondEmail='null', thirdEmail='null'}, ContactData{id=28, firstname='Shakal', middlename='null', lastname='Shakalovich', group='null', homePhone='null', mobilePhone='null', workPhone='null', email='null', secondEmail='null', thirdEmail='null'}, ContactData{id=20, firstname='Shakal', middlename='null', lastname='Shakalovich', group='null', homePhone='null', mobilePhone='null', workPhone='null', email='null', secondEmail='null', thirdEmail='null'}, ContactData{id=3, firstname='Shakal', middlename='null', lastname='Shakalovich', group='null', homePhone='null', mobilePhone='null', workPhone='null', email='null', secondEmail='null', thirdEmail='null'}, ContactData{id=10, firstname='Shakal', middlename='null', lastname='Shakalovich', group='null', homePhone='null', mobilePhone='null', workPhone='null', email='null', secondEmail='null', thirdEmail='null'}, ContactData{id=27, firstname='Shakal', middlename='null', lastname='Shakalovich', group='null', homePhone='null', mobilePhone='null', workPhone='null', email='null', secondEmail='null', thirdEmail='null'}, ContactData{id=19, firstname='Shakal', middlename='null', lastname='Shakalovich', group='null', homePhone='null', mobilePhone='null', workPhone='null', email='null', secondEmail='null', thirdEmail='null'}, ContactData{id=26, firstname='CopchoniyF', middlename='null', lastname='CopchoniyL', group='null', homePhone='null', mobilePhone='null', workPhone='null', email='null', secondEmail='null', thirdEmail='null'}, ContactData{id=13, firstname='Shakal', middlename='null', lastname='Shakalovich', group='null', homePhone='null', mobilePhone='null', workPhone='null', email='null', secondEmail='null', thirdEmail='null'}, ContactData{id=30, firstname='Shakal', middlename='null', lastname='Shakalovich', group='null', homePhone='null', mobilePhone='null', workPhone='null', email='null', secondEmail='null', thirdEmail='null'}, ContactData{id=17, firstname='Shakal', middlename='null', lastname='Shakalovich', group='null', homePhone='null', mobilePhone='null', workPhone='null', email='null', secondEmail='null', thirdEmail='null'}, ContactData{id=12, firstname='Shakal', middlename='null', lastname='Shakalovich', group='null', homePhone='null', mobilePhone='null', workPhone='null', email='null', secondEmail='null', thirdEmail='null'}, ContactData{id=23, firstname='Shakal', middlename='null', lastname='Shakalovich', group='null', homePhone='null', mobilePhone='null', workPhone='null', email='null', secondEmail='null', thirdEmail='null'}, ContactData{id=18, firstname='Shakal', middlename='null', lastname='Shakalovich', group='null', homePhone='null', mobilePhone='null', workPhone='null', email='null', secondEmail='null', thirdEmail='null'}, ContactData{id=16, firstname='CopchoniyF', middlename='null', lastname='CopchoniyL', group='null', homePhone='null', mobilePhone='null', workPhone='null', email='null', secondEmail='null', thirdEmail='null'}, ContactData{id=1, firstname='Shakal', middlename='null', lastname='Shakalovich', group='null', homePhone='null', mobilePhone='null', workPhone='null', email='null', secondEmail='null', thirdEmail='null'}, ContactData{id=29, firstname='Shakal', middlename='null', lastname='Shakalovich', group='null', homePhone='null', mobilePhone='null', workPhone='null', email='null', secondEmail='null', thirdEmail='null'}]&gt;&#10;     but: was &lt;[ContactData{id=8, firstname='CopchoniyF', middlename='null', lastname='CopchoniyL', group='null', homePhone='null', mobilePhone='null', workPhone='null', email='null', secondEmail='null', thirdEmail='null'}, ContactData{id=21, firstname='Shakal', middlename='null', lastname='Shakalovich', group='null', homePhone='null', mobilePhone='null', workPhone='null', email='null', secondEmail='null', thirdEmail='null'}, ContactData{id=4, firstname='Shakal', middlename='null', lastname='Shakalovich', group='null', homePhone='null', mobilePhone='null', workPhone='null', email='null', secondEmail='null', thirdEmail='null'}, ContactData{id=32, firstname='Shakal', middlename='null', lastname='Shakalovich', group='null', homePhone='null', mobilePhone='null', workPhone='null', email='null', secondEmail='null', thirdEmail='null'}, ContactData{id=15, firstname='Shakal', middlename='null', lastname='Shakalovich', group='null', homePhone='null', mobilePhone='null', workPhone='null', email='null', secondEmail='null', thirdEmail='null'}, ContactData{id=11, firstname='Shakal', middlename='null', lastname='Shakalovich', group='null', homePhone='null', mobilePhone='null', workPhone='null', email='null', secondEmail='null', thirdEmail='null'}, ContactData{id=2, firstname='Shakal', middlename='null', lastname='Shakalovich', group='null', homePhone='null', mobilePhone='null', workPhone='null', email='null', secondEmail='null', thirdEmail='null'}, ContactData{id=28, firstname='Shakal', middlename='null', lastname='Shakalovich', group='null', homePhone='null', mobilePhone='null', workPhone='null', email='null', secondEmail='null', thirdEmail='null'}, ContactData{id=20, firstname='Shakal', middlename='null', lastname='Shakalovich', group='null', homePhone='null', mobilePhone='null', workPhone='null', email='null', secondEmail='null', thirdEmail='null'}, ContactData{id=3, firstname='Shakal', middlename='null', lastname='Shakalovich', group='null', homePhone='null', mobilePhone='null', workPhone='null', email='null', secondEmail='null', thirdEmail='null'}, ContactData{id=10, firstname='Shakal', middlename='null', lastname='Shakalovich', group='null', homePhone='null', mobilePhone='null', workPhone='null', email='null', secondEmail='null', thirdEmail='null'}, ContactData{id=27, firstname='Shakal', middlename='null', lastname='Shakalovich', group='null', homePhone='null', mobilePhone='null', workPhone='null', email='null', secondEmail='null', thirdEmail='null'}, ContactData{id=19, firstname='Shakal', middlename='null', lastname='Shakalovich', group='null', homePhone='null', mobilePhone='null', workPhone='null', email='null', secondEmail='null', thirdEmail='null'}, ContactData{id=26, firstname='CopchoniyF', middlename='null', lastname='CopchoniyL', group='null', homePhone='null', mobilePhone='null', workPhone='null', email='null', secondEmail='null', thirdEmail='null'}, ContactData{id=13, firstname='Shakal', middlename='null', lastname='Shakalovich', group='null', homePhone='null', mobilePhone='null', workPhone='null', email='null', secondEmail='null', thirdEmail='null'}, ContactData{id=30, firstname='Shakal', middlename='null', lastname='Shakalovich', group='null', homePhone='null', mobilePhone='null', workPhone='null', email='null', secondEmail='null', thirdEmail='null'}, ContactData{id=17, firstname='Shakal', middlename='null', lastname='Shakalovich', group='null', homePhone='null', mobilePhone='null', workPhone='null', email='null', secondEmail='null', thirdEmail='null'}, ContactData{id=12, firstname='Shakal', middlename='null', lastname='Shakalovich', group='null', homePhone='null', mobilePhone='null', workPhone='null', email='null', secondEmail='null', thirdEmail='null'}, ContactData{id=23, firstname='Shakal', middlename='null', lastname='Shakalovich', group='null', homePhone='null', mobilePhone='null', workPhone='null', email='null', secondEmail='null', thirdEmail='null'}, ContactData{id=18, firstname='Shakal', middlename='null', lastname='Shakalovich', group='null', homePhone='null', mobilePhone='null', workPhone='null', email='null', secondEmail='null', thirdEmail='null'}, ContactData{id=16, firstname='CopchoniyF', middlename='null', lastname='CopchoniyL', group='null', homePhone='null', mobilePhone='null', workPhone='null', email='null', secondEmail='null', thirdEmail='null'}, ContactData{id=1, firstname='Shakal', middlename='null', lastname='Shakalovich', group='null', homePhone='null', mobilePhone='null', workPhone='null', email='null', secondEmail='null', thirdEmail='null'}, ContactData{id=29, firstname='Shakal', middlename='null', lastname='Shakalovich', group='null', homePhone='null', mobilePhone='null', workPhone='null', email='null', secondEmail='null', thirdEmail='null'}]&gt;" type="java.lang.AssertionError">java.lang.AssertionError: 
Expected: &lt;[ContactData{id=8, firstname='CopchoniyF', middlename='null', lastname='CopchoniyL', group='null', homePhone='null', mobilePhone='null', workPhone='null', email='null', secondEmail='null', thirdEmail='null'}, ContactData{id=21, firstname='Shakal', middlename='null', lastname='Shakalovich', group='null', homePhone='null', mobilePhone='null', workPhone='null', email='null', secondEmail='null', thirdEmail='null'}, ContactData{id=4, firstname='Shakal', middlename='null', lastname='Shakalovich', group='null', homePhone='null', mobilePhone='null', workPhone='null', email='null', secondEmail='null', thirdEmail='null'}, ContactData{id=15, firstname='Shakal', middlename='null', lastname='Shakalovich', group='null', homePhone='null', mobilePhone='null', workPhone='null', email='null', secondEmail='null', thirdEmail='null'}, ContactData{id=11, firstname='Shakal', middlename='null', lastname='Shakalovich', group='null', homePhone='null', mobilePhone='null', workPhone='null', email='null', secondEmail='null', thirdEmail='null'}, ContactData{id=2, firstname='Shakal', middlename='null', lastname='Shakalovich', group='null', homePhone='null', mobilePhone='null', workPhone='null', email='null', secondEmail='null', thirdEmail='null'}, ContactData{id=28, firstname='Shakal', middlename='null', lastname='Shakalovich', group='null', homePhone='null', mobilePhone='null', workPhone='null', email='null', secondEmail='null', thirdEmail='null'}, ContactData{id=20, firstname='Shakal', middlename='null', lastname='Shakalovich', group='null', homePhone='null', mobilePhone='null', workPhone='null', email='null', secondEmail='null', thirdEmail='null'}, ContactData{id=3, firstname='Shakal', middlename='null', lastname='Shakalovich', group='null', homePhone='null', mobilePhone='null', workPhone='null', email='null', secondEmail='null', thirdEmail='null'}, ContactData{id=10, firstname='Shakal', middlename='null', lastname='Shakalovich', group='null', homePhone='null', mobilePhone='null', workPhone='null', email='null', secondEmail='null', thirdEmail='null'}, ContactData{id=27, firstname='Shakal', middlename='null', lastname='Shakalovich', group='null', homePhone='null', mobilePhone='null', workPhone='null', email='null', secondEmail='null', thirdEmail='null'}, ContactData{id=19, firstname='Shakal', middlename='null', lastname='Shakalovich', group='null', homePhone='null', mobilePhone='null', workPhone='null', email='null', secondEmail='null', thirdEmail='null'}, ContactData{id=26, firstname='CopchoniyF', middlename='null', lastname='CopchoniyL', group='null', homePhone='null', mobilePhone='null', workPhone='null', email='null', secondEmail='null', thirdEmail='null'}, ContactData{id=13, firstname='Shakal', middlename='null', lastname='Shakalovich', group='null', homePhone='null', mobilePhone='null', workPhone='null', email='null', secondEmail='null', thirdEmail='null'}, ContactData{id=30, firstname='Shakal', middlename='null', lastname='Shakalovich', group='null', homePhone='null', mobilePhone='null', workPhone='null', email='null', secondEmail='null', thirdEmail='null'}, ContactData{id=17, firstname='Shakal', middlename='null', lastname='Shakalovich', group='null', homePhone='null', mobilePhone='null', workPhone='null', email='null', secondEmail='null', thirdEmail='null'}, ContactData{id=12, firstname='Shakal', middlename='null', lastname='Shakalovich', group='null', homePhone='null', mobilePhone='null', workPhone='null', email='null', secondEmail='null', thirdEmail='null'}, ContactData{id=23, firstname='Shakal', middlename='null', lastname='Shakalovich', group='null', homePhone='null', mobilePhone='null', workPhone='null', email='null', secondEmail='null', thirdEmail='null'}, ContactData{id=18, firstname='Shakal', middlename='null', lastname='Shakalovich', group='null', homePhone='null', mobilePhone='null', workPhone='null', email='null', secondEmail='null', thirdEmail='null'}, ContactData{id=16, firstname='CopchoniyF', middlename='null', lastname='CopchoniyL', group='null', homePhone='null', mobilePhone='null', workPhone='null', email='null', secondEmail='null', thirdEmail='null'}, ContactData{id=1, firstname='Shakal', middlename='null', lastname='Shakalovich', group='null', homePhone='null', mobilePhone='null', workPhone='null', email='null', secondEmail='null', thirdEmail='null'}, ContactData{id=29, firstname='Shakal', middlename='null', lastname='Shakalovich', group='null', homePhone='null', mobilePhone='null', workPhone='null', email='null', secondEmail='null', thirdEmail='null'}]&gt;
     but: was &lt;[ContactData{id=8, firstname='CopchoniyF', middlename='null', lastname='CopchoniyL', group='null', homePhone='null', mobilePhone='null', workPhone='null', email='null', secondEmail='null', thirdEmail='null'}, ContactData{id=21, firstname='Shakal', middlename='null', lastname='Shakalovich', group='null', homePhone='null', mobilePhone='null', workPhone='null', email='null', secondEmail='null', thirdEmail='null'}, ContactData{id=4, firstname='Shakal', middlename='null', lastname='Shakalovich', group='null', homePhone='null', mobilePhone='null', workPhone='null', email='null', secondEmail='null', thirdEmail='null'}, ContactData{id=32, firstname='Shakal', middlename='null', lastname='Shakalovich', group='null', homePhone='null', mobilePhone='null', workPhone='null', email='null', secondEmail='null', thirdEmail='null'}, ContactData{id=15, firstname='Shakal', middlename='null', lastname='Shakalovich', group='null', homePhone='null', mobilePhone='null', workPhone='null', email='null', secondEmail='null', thirdEmail='null'}, ContactData{id=11, firstname='Shakal', middlename='null', lastname='Shakalovich', group='null', homePhone='null', mobilePhone='null', workPhone='null', email='null', secondEmail='null', thirdEmail='null'}, ContactData{id=2, firstname='Shakal', middlename='null', lastname='Shakalovich', group='null', homePhone='null', mobilePhone='null', workPhone='null', email='null', secondEmail='null', thirdEmail='null'}, ContactData{id=28, firstname='Shakal', middlename='null', lastname='Shakalovich', group='null', homePhone='null', mobilePhone='null', workPhone='null', email='null', secondEmail='null', thirdEmail='null'}, ContactData{id=20, firstname='Shakal', middlename='null', lastname='Shakalovich', group='null', homePhone='null', mobilePhone='null', workPhone='null', email='null', secondEmail='null', thirdEmail='null'}, ContactData{id=3, firstname='Shakal', middlename='null', lastname='Shakalovich', group='null', homePhone='null', mobilePhone='null', workPhone='null', email='null', secondEmail='null', thirdEmail='null'}, ContactData{id=10, firstname='Shakal', middlename='null', lastname='Shakalovich', group='null', homePhone='null', mobilePhone='null', workPhone='null', email='null', secondEmail='null', thirdEmail='null'}, ContactData{id=27, firstname='Shakal', middlename='null', lastname='Shakalovich', group='null', homePhone='null', mobilePhone='null', workPhone='null', email='null', secondEmail='null', thirdEmail='null'}, ContactData{id=19, firstname='Shakal', middlename='null', lastname='Shakalovich', group='null', homePhone='null', mobilePhone='null', workPhone='null', email='null', secondEmail='null', thirdEmail='null'}, ContactData{id=26, firstname='CopchoniyF', middlename='null', lastname='CopchoniyL', group='null', homePhone='null', mobilePhone='null', workPhone='null', email='null', secondEmail='null', thirdEmail='null'}, ContactData{id=13, firstname='Shakal', middlename='null', lastname='Shakalovich', group='null', homePhone='null', mobilePhone='null', workPhone='null', email='null', secondEmail='null', thirdEmail='null'}, ContactData{id=30, firstname='Shakal', middlename='null', lastname='Shakalovich', group='null', homePhone='null', mobilePhone='null', workPhone='null', email='null', secondEmail='null', thirdEmail='null'}, ContactData{id=17, firstname='Shakal', middlename='null', lastname='Shakalovich', group='null', homePhone='null', mobilePhone='null', workPhone='null', email='null', secondEmail='null', thirdEmail='null'}, ContactData{id=12, firstname='Shakal', middlename='null', lastname='Shakalovich', group='null', homePhone='null', mobilePhone='null', workPhone='null', email='null', secondEmail='null', thirdEmail='null'}, ContactData{id=23, firstname='Shakal', middlename='null', lastname='Shakalovich', group='null', homePhone='null', mobilePhone='null', workPhone='null', email='null', secondEmail='null', thirdEmail='null'}, ContactData{id=18, firstname='Shakal', middlename='null', lastname='Shakalovich', group='null', homePhone='null', mobilePhone='null', workPhone='null', email='null', secondEmail='null', thirdEmail='null'}, ContactData{id=16, firstname='CopchoniyF', middlename='null', lastname='CopchoniyL', group='null', homePhone='null', mobilePhone='null', workPhone='null', email='null', secondEmail='null', thirdEmail='null'}, ContactData{id=1, firstname='Shakal', middlename='null', lastname='Shakalovich', group='null', homePhone='null', mobilePhone='null', workPhone='null', email='null', secondEmail='null', thirdEmail='null'}, ContactData{id=29, firstname='Shakal', middlename='null', lastname='Shakalovich', group='null', homePhone='null', mobilePhone='null', workPhone='null', email='null', secondEmail='null', thirdEmail='null'}]&gt;
	at org.hamcrest.MatcherAssert.assertThat(MatcherAssert.java:18)
	at org.hamcrest.MatcherAssert.assertThat(MatcherAssert.java:6)
	at ru.stqa.pft.addressbook.tests.ContactAddTests.testAddContactTests(ContactAddTests.java:28)
	at sun.reflect.NativeMethodAccessorImpl.invoke0(Native Method)
	at sun.reflect.NativeMethodAccessorImpl.invoke(NativeMethodAccessorImpl.java:62)
	at sun.reflect.DelegatingMethodAccessorImpl.invoke(DelegatingMethodAccessorImpl.java:43)
	at java.lang.reflect.Method.invoke(Method.java:498)
	at org.testng.internal.MethodInvocationHelper.invokeMethod(MethodInvocationHelper.java:124)
	at org.testng.internal.Invoker.invokeMethod(Invoker.java:583)
	at org.testng.internal.Invoker.invokeTestMethod(Invoker.java:719)
	at org.testng.internal.Invoker.invokeTestMethods(Invoker.java:989)
	at org.testng.internal.TestMethodWorker.invokeTestMethods(TestMethodWorker.java:125)
	at org.testng.internal.TestMethodWorker.run(TestMethodWorker.java:109)
	at org.testng.TestRunner.privateRun(TestRunner.java:648)
	at org.testng.TestRunner.run(TestRunner.java:505)
	at org.testng.SuiteRunner.runTest(SuiteRunner.java:455)
	at org.testng.SuiteRunner.runSequentially(SuiteRunner.java:450)
	at org.testng.SuiteRunner.privateRun(SuiteRunner.java:415)
	at org.testng.SuiteRunner.run(SuiteRunner.java:364)
	at org.testng.SuiteRunnerWorker.runSuite(SuiteRunnerWorker.java:52)
	at org.testng.SuiteRunnerWorker.run(SuiteRunnerWorker.java:84)
	at org.testng.TestNG.runSuitesSequentially(TestNG.java:1208)
	at org.testng.TestNG.runSuitesLocally(TestNG.java:1137)
	at org.testng.TestNG.runSuites(TestNG.java:1049)
	at org.testng.TestNG.run(TestNG.java:1017)
	at org.gradle.api.internal.tasks.testing.testng.TestNGTestClassProcessor.runTests(TestNGTestClassProcessor.java:139)
	at org.gradle.api.internal.tasks.testing.testng.TestNGTestClassProcessor.stop(TestNGTestClassProcessor.java:89)
	at org.gradle.api.internal.tasks.testing.SuiteTestClassProcessor.stop(SuiteTestClassProcessor.java:61)
	at sun.reflect.NativeMethodAccessorImpl.invoke0(Native Method)
	at sun.reflect.NativeMethodAccessorImpl.invoke(NativeMethodAccessorImpl.java:62)
	at sun.reflect.DelegatingMethodAccessorImpl.invoke(DelegatingMethodAccessorImpl.java:43)
	at java.lang.reflect.Method.invoke(Method.java:498)
	at org.gradle.internal.dispatch.ReflectionDispatch.dispatch(ReflectionDispatch.java:35)
	at org.gradle.internal.dispatch.ReflectionDispatch.dispatch(ReflectionDispatch.java:24)
	at org.gradle.internal.dispatch.ContextClassLoaderDispatch.dispatch(ContextClassLoaderDispatch.java:32)
	at org.gradle.internal.dispatch.ProxyDispatchAdapter$DispatchingInvocationHandler.invoke(ProxyDispatchAdapter.java:93)
	at com.sun.proxy.$Proxy1.stop(Unknown Source)
	at org.gradle.api.internal.tasks.testing.worker.TestWorker.stop(TestWorker.java:123)
	at sun.reflect.NativeMethodAccessorImpl.invoke0(Native Method)
	at sun.reflect.NativeMethodAccessorImpl.invoke(NativeMethodAccessorImpl.java:62)
	at sun.reflect.DelegatingMethodAccessorImpl.invoke(DelegatingMethodAccessorImpl.java:43)
	at java.lang.reflect.Method.invoke(Method.java:498)
	at org.gradle.internal.dispatch.ReflectionDispatch.dispatch(ReflectionDispatch.java:35)
	at org.gradle.internal.dispatch.ReflectionDispatch.dispatch(ReflectionDispatch.java:24)
	at org.gradle.internal.remote.internal.hub.MessageHubBackedObjectConnection$DispatchWrapper.dispatch(MessageHubBackedObjectConnection.java:155)
	at org.gradle.internal.remote.internal.hub.MessageHubBackedObjectConnection$DispatchWrapper.dispatch(MessageHubBackedObjectConnection.java:137)
	at org.gradle.internal.remote.internal.hub.MessageHub$Handler.run(MessageHub.java:404)
	at org.gradle.internal.concurrent.ExecutorPolicy$CatchAndRecordFailures.onExecute(ExecutorPolicy.java:63)
	at org.gradle.internal.concurrent.ManagedExecutorImpl$1.run(ManagedExecutorImpl.java:46)
	at java.util.concurrent.ThreadPoolExecutor.runWorker(ThreadPoolExecutor.java:1149)
	at java.util.concurrent.ThreadPoolExecutor$Worker.run(ThreadPoolExecutor.java:624)
	at org.gradle.internal.concurrent.ThreadFactoryImpl$ManagedThreadRunnable.run(ThreadFactoryImpl.java:55)
	at java.lang.Thread.run(Thread.java:748)
</failure>
  </testcase>
  <system-out><![CDATA[]]></system-out>
  <system-err><![CDATA[]]></system-err>
</testsuite>
