<?xml version="1.0" encoding="UTF-8"?>
<testsuite name="ru.stqa.pft.addressbook.tests.ContactAddTests" tests="1" skipped="0" failures="0" errors="0" timestamp="2018-12-12T06:30:18" hostname="My-MacBook-Air.local" time="10.238">
  <properties/>
  <testcase name="testAddContactTests" classname="ru.stqa.pft.addressbook.tests.ContactAddTests" time="10.238"/>
  <system-out><![CDATA[]]></system-out>
  <system-err><![CDATA[]]></system-err>
</testsuite>
