<?xml version="1.0" encoding="UTF-8"?>
<testsuite name="ru.stqa.pft.addressbook.tests.GroupModificationTests" tests="1" skipped="0" failures="0" errors="0" timestamp="2018-12-12T06:32:15" hostname="My-MacBook-Air.local" time="19.915">
  <properties/>
  <testcase name="testGroupModification" classname="ru.stqa.pft.addressbook.tests.GroupModificationTests" time="19.915"/>
  <system-out><![CDATA[]]></system-out>
  <system-err><![CDATA[]]></system-err>
</testsuite>
