<?xml version="1.0" encoding="UTF-8"?>
<testsuite name="ru.stqa.pft.addressbook.tests.ContactDeleteTests" tests="1" skipped="0" failures="0" errors="0" timestamp="2018-11-08T12:09:06" hostname="My-MacBook-Air.local" time="4.165">
  <properties/>
  <testcase name="testDeleteContactTest" classname="ru.stqa.pft.addressbook.tests.ContactDeleteTests" time="4.165"/>
  <system-out><![CDATA[]]></system-out>
  <system-err><![CDATA[]]></system-err>
</testsuite>
