<?xml version="1.0" encoding="UTF-8"?>
<testsuite name="ru.stqa.pft.addressbook.tests.GroupModificationTests" tests="1" skipped="0" failures="0" errors="0" timestamp="2018-11-08T12:19:53" hostname="My-MacBook-Air.local" time="9.417">
  <properties/>
  <testcase name="testGroupModification" classname="ru.stqa.pft.addressbook.tests.GroupModificationTests" time="9.417"/>
  <system-out><![CDATA[]]></system-out>
  <system-err><![CDATA[]]></system-err>
</testsuite>
