<?xml version="1.0" encoding="UTF-8"?>
<testsuite name="ru.stqa.pft.addressbook.tests.ContactAddTests" tests="1" skipped="0" failures="0" errors="0" timestamp="2018-12-11T13:18:07" hostname="My-MacBook-Air.local" time="9.889">
  <properties/>
  <testcase name="testAddContactTests" classname="ru.stqa.pft.addressbook.tests.ContactAddTests" time="9.889"/>
  <system-out><![CDATA[]]></system-out>
  <system-err><![CDATA[]]></system-err>
</testsuite>
