<?xml version="1.0" encoding="UTF-8"?>
<testsuite name="ru.stqa.pft.addressbook.tests.GroupModificationTests" tests="1" skipped="0" failures="0" errors="0" timestamp="2018-11-07T14:05:28" hostname="My-MacBook-Air.local" time="5.137">
  <properties/>
  <testcase name="testGroupModification" classname="ru.stqa.pft.addressbook.tests.GroupModificationTests" time="5.137"/>
  <system-out><![CDATA[]]></system-out>
  <system-err><![CDATA[]]></system-err>
</testsuite>
