<?xml version="1.0" encoding="UTF-8"?>
<testsuite name="ru.stqa.pft.addressbook.tests.ContactEmailTests" tests="1" skipped="0" failures="0" errors="0" timestamp="2018-11-08T12:09:11" hostname="My-MacBook-Air.local" time="1.319">
  <properties/>
  <testcase name="testContactEmail" classname="ru.stqa.pft.addressbook.tests.ContactEmailTests" time="1.319"/>
  <system-out><![CDATA[]]></system-out>
  <system-err><![CDATA[]]></system-err>
</testsuite>
